<?xml version="1.0" encoding="UTF-8"?>
<!-- Generated by org.testng.reporters.JUnitXMLReporter -->
<testsuite ignored="0" hostname="LAPTOP-MJRTFEKH" failures="0" tests="3" name="Test" time="16.55" errors="0" timestamp="2023-05-13T17:40:06 IST">
  <testcase classname="TestNGProject01.TestNGProject01.Test1" name="facebookTitle" time="9.343"/>
  <testcase classname="TestNGProject01.TestNGProject01.ParallelTest" name="AmazonTitle" time="14.051"/>
  <testcase classname="TestNGProject01.TestNGProject01.ParallelTest" name="instagramTitle" time="7.165"/>
</testsuite> <!-- Test -->
